<?xml version="1.0" encoding="UTF-8"?>
<!-- Generated by org.testng.reporters.JUnitXMLReporter -->
<testsuite ignored="4" hostname="Arisha-PC" failures="0" tests="1" name="Default test" time="8.701" errors="0" timestamp="2023-08-06T23:34:56 EDT">
  <testcase classname="SeleniumVersion4.SeleniumPractice.Login" name="verifyLoginWithInvalidPwd" time="0.644"/>
  <testcase classname="SeleniumVersion4.SeleniumPractice.Login" name="verifyLoginWithValidCreditial" time="0.0">
    <ignored/>
  </testcase> <!-- verifyLoginWithValidCreditial -->
  <testcase classname="SeleniumVersion4.SeleniumPractice.Login" name="verifyLoginWithInvalidCredintials" time="0.0">
    <ignored/>
  </testcase> <!-- verifyLoginWithInvalidCredintials -->
  <testcase classname="SeleniumVersion4.SeleniumPractice.Login" name="verifyLoginWithValidCreditials" time="0.0">
    <ignored/>
  </testcase> <!-- verifyLoginWithValidCreditials -->
  <testcase classname="SeleniumVersion4.SeleniumPractice.Login" name="verifyLoginWithInValidEmailValidPwd" time="0.0">
    <ignored/>
  </testcase> <!-- verifyLoginWithInValidEmailValidPwd -->
</testsuite> <!-- Default test -->
